discovery 2019-05-23 13:57:40,588 INFO [Test worker] o.s.b.t.c.SpringBootTestContextBootstrapper [?:?] - Neither @ContextConfiguration nor @ContextHierarchy found for test class [com.haiercash.console.ConsoleApplicationTests], using SpringBootContextLoader
discovery 2019-05-23 13:57:40,595 INFO [Test worker] o.s.t.c.s.AbstractContextLoader [?:?] - Could not detect default resource locations for test class [com.haiercash.console.ConsoleApplicationTests]: no resource found for suffixes {-context.xml, Context.groovy}.
discovery 2019-05-23 13:57:40,597 INFO [Test worker] o.s.t.c.s.AnnotationConfigContextLoaderUtils [?:?] - Could not detect default configuration classes for test class [com.haiercash.console.ConsoleApplicationTests]: ConsoleApplicationTests does not declare any static, non-private, non-final, nested classes annotated with @Configuration.
discovery 2019-05-23 13:57:40,704 INFO [Test worker] o.s.b.t.c.SpringBootTestContextBootstrapper [?:?] - Found @SpringBootConfiguration com.haiercash.console.ConsoleApplication for test class com.haiercash.console.ConsoleApplicationTests
discovery 2019-05-23 13:57:40,882 INFO [Test worker] o.s.b.t.c.SpringBootTestContextBootstrapper [?:?] - Loaded default TestExecutionListener class names from location [META-INF/spring.factories]: [org.springframework.boot.test.autoconfigure.restdocs.RestDocsTestExecutionListener, org.springframework.boot.test.autoconfigure.web.client.MockRestServiceServerResetTestExecutionListener, org.springframework.boot.test.autoconfigure.web.servlet.MockMvcPrintOnlyOnFailureTestExecutionListener, org.springframework.boot.test.autoconfigure.web.servlet.WebDriverTestExecutionListener, org.springframework.boot.test.mock.mockito.MockitoTestExecutionListener, org.springframework.boot.test.mock.mockito.ResetMocksTestExecutionListener, org.springframework.test.context.web.ServletTestExecutionListener, org.springframework.test.context.support.DirtiesContextBeforeModesTestExecutionListener, org.springframework.test.context.support.DependencyInjectionTestExecutionListener, org.springframework.test.context.support.DirtiesContextTestExecutionListener, org.springframework.test.context.transaction.TransactionalTestExecutionListener, org.springframework.test.context.jdbc.SqlScriptsTestExecutionListener]
discovery 2019-05-23 13:57:40,890 INFO [Test worker] o.s.b.t.c.SpringBootTestContextBootstrapper [?:?] - Using TestExecutionListeners: [org.springframework.test.context.web.ServletTestExecutionListener@75866203, org.springframework.test.context.support.DirtiesContextBeforeModesTestExecutionListener@510b7fa0, org.springframework.boot.test.mock.mockito.MockitoTestExecutionListener@5ef463f7, org.springframework.boot.test.autoconfigure.SpringBootDependencyInjectionTestExecutionListener@19e7d5fa, org.springframework.test.context.support.DirtiesContextTestExecutionListener@5f372abf, org.springframework.boot.test.autoconfigure.restdocs.RestDocsTestExecutionListener@55cbb886, org.springframework.boot.test.autoconfigure.web.client.MockRestServiceServerResetTestExecutionListener@285d9213, org.springframework.boot.test.autoconfigure.web.servlet.MockMvcPrintOnlyOnFailureTestExecutionListener@fb2cae7, org.springframework.boot.test.autoconfigure.web.servlet.WebDriverTestExecutionListener@69b67b7c, org.springframework.boot.test.mock.mockito.ResetMocksTestExecutionListener@6131f144]
discovery 2019-05-23 13:57:41,222 INFO [Test worker] o.s.c.a.AnnotationConfigApplicationContext [?:?] - Refreshing org.springframework.context.annotation.AnnotationConfigApplicationContext@b6a64dd: startup date [Thu May 23 13:57:41 CST 2019]; root of context hierarchy
discovery 2019-05-23 13:57:41,372 INFO [Test worker] o.s.b.f.a.AutowiredAnnotationBeanPostProcessor [?:?] - JSR-330 'javax.inject.Inject' annotation found and supported for autowiring
discovery 2019-05-23 13:57:41,408 INFO [Test worker] o.s.c.s.PostProcessorRegistrationDelegate$BeanPostProcessorChecker [?:?] - Bean 'configurationPropertiesRebinderAutoConfiguration' of type [org.springframework.cloud.autoconfigure.ConfigurationPropertiesRebinderAutoConfiguration$$EnhancerBySpringCGLIB$$bb2395d7] is not eligible for getting processed by all BeanPostProcessors (for example: not eligible for auto-proxying)
discovery 2019-05-23 13:57:41,594 INFO [Test worker] c.h.c.ConsoleApplicationTests [?:?] - No active profile set, falling back to default profiles: default
discovery 2019-05-23 13:57:41,598 INFO [Test worker] o.s.w.c.s.GenericWebApplicationContext [?:?] - Refreshing org.springframework.web.context.support.GenericWebApplicationContext@61ebc5e7: startup date [Thu May 23 13:57:41 CST 2019]; parent: org.springframework.context.annotation.AnnotationConfigApplicationContext@b6a64dd
discovery 2019-05-23 13:57:42,727 INFO [Test worker] o.s.c.c.s.GenericScope [?:?] - BeanFactory id=ef2c7f04-13ea-371e-81c4-af655188d0ab
discovery 2019-05-23 13:57:42,806 INFO [Test worker] o.s.b.f.a.AutowiredAnnotationBeanPostProcessor [?:?] - JSR-330 'javax.inject.Inject' annotation found and supported for autowiring
discovery 2019-05-23 13:57:42,899 INFO [Test worker] o.s.c.s.PostProcessorRegistrationDelegate$BeanPostProcessorChecker [?:?] - Bean 'com.nepxion.eventbus.configuration.EventConfiguration' of type [com.nepxion.eventbus.configuration.EventConfiguration$$EnhancerBySpringCGLIB$$3766c29] is not eligible for getting processed by all BeanPostProcessors (for example: not eligible for auto-proxying)
discovery 2019-05-23 13:57:42,912 INFO [Test worker] o.s.c.s.PostProcessorRegistrationDelegate$BeanPostProcessorChecker [?:?] - Bean 'threadPoolFactory' of type [com.nepxion.eventbus.thread.ThreadPoolFactory] is not eligible for getting processed by all BeanPostProcessors (for example: not eligible for auto-proxying)
discovery 2019-05-23 13:57:42,913 INFO [Test worker] o.s.c.s.PostProcessorRegistrationDelegate$BeanPostProcessorChecker [?:?] - Bean 'eventControllerFactory' of type [com.nepxion.eventbus.core.EventControllerFactory] is not eligible for getting processed by all BeanPostProcessors (for example: not eligible for auto-proxying)
discovery 2019-05-23 13:57:42,920 INFO [Test worker] o.s.c.s.PostProcessorRegistrationDelegate$BeanPostProcessorChecker [?:?] - Bean 'org.springframework.cloud.autoconfigure.ConfigurationPropertiesRebinderAutoConfiguration' of type [org.springframework.cloud.autoconfigure.ConfigurationPropertiesRebinderAutoConfiguration$$EnhancerBySpringCGLIB$$bb2395d7] is not eligible for getting processed by all BeanPostProcessors (for example: not eligible for auto-proxying)
discovery 2019-05-23 13:57:43,362 WARN [Test worker] c.n.c.s.URLConfigurationSource [?:?] - No URLs will be polled as dynamic configuration sources.
discovery 2019-05-23 13:57:43,362 INFO [Test worker] c.n.c.s.URLConfigurationSource [?:?] - To enable URLs as dynamic configuration sources, define System property archaius.configurationSource.additionalUrls or make config.properties available on classpath.
discovery 2019-05-23 13:57:43,377 INFO [Test worker] c.n.c.DynamicPropertyFactory [?:?] - DynamicPropertyFactory is initialized with configuration sources: com.netflix.config.ConcurrentCompositeConfiguration@2866e02d
discovery 2019-05-23 13:57:43,464 INFO [Test worker] o.s.w.s.m.m.a.RequestMappingHandlerMapping [?:?] - Mapped "{[/swagger-resources]}" onto public org.springframework.http.ResponseEntity<java.util.List<springfox.documentation.swagger.web.SwaggerResource>> springfox.documentation.swagger.web.ApiResourceController.swaggerResources()
discovery 2019-05-23 13:57:43,465 INFO [Test worker] o.s.w.s.m.m.a.RequestMappingHandlerMapping [?:?] - Mapped "{[/swagger-resources/configuration/ui]}" onto public org.springframework.http.ResponseEntity<springfox.documentation.swagger.web.UiConfiguration> springfox.documentation.swagger.web.ApiResourceController.uiConfiguration()
discovery 2019-05-23 13:57:43,465 INFO [Test worker] o.s.w.s.m.m.a.RequestMappingHandlerMapping [?:?] - Mapped "{[/swagger-resources/configuration/security]}" onto public org.springframework.http.ResponseEntity<springfox.documentation.swagger.web.SecurityConfiguration> springfox.documentation.swagger.web.ApiResourceController.securityConfiguration()
discovery 2019-05-23 13:57:43,469 INFO [Test worker] o.s.w.s.m.m.a.RequestMappingHandlerMapping [?:?] - Mapped "{[/error],produces=[text/html]}" onto public org.springframework.web.servlet.ModelAndView org.springframework.boot.autoconfigure.web.servlet.error.BasicErrorController.errorHtml(javax.servlet.http.HttpServletRequest,javax.servlet.http.HttpServletResponse)
discovery 2019-05-23 13:57:43,470 INFO [Test worker] o.s.w.s.m.m.a.RequestMappingHandlerMapping [?:?] - Mapped "{[/error]}" onto public org.springframework.http.ResponseEntity<java.util.Map<java.lang.String, java.lang.Object>> org.springframework.boot.autoconfigure.web.servlet.error.BasicErrorController.error(javax.servlet.http.HttpServletRequest)
discovery 2019-05-23 13:57:43,477 INFO [Test worker] o.s.w.s.m.m.a.RequestMappingHandlerMapping [?:?] - Mapped "{[/config/view],methods=[GET]}" onto public org.springframework.http.ResponseEntity<java.util.List<java.lang.String>> com.nepxion.discovery.plugin.admincenter.endpoint.ConfigEndpoint.view()
discovery 2019-05-23 13:57:43,477 INFO [Test worker] o.s.w.s.m.m.a.RequestMappingHandlerMapping [?:?] - Mapped "{[/config/update-sync],methods=[POST]}" onto public org.springframework.http.ResponseEntity<?> com.nepxion.discovery.plugin.admincenter.endpoint.ConfigEndpoint.updateSync(java.lang.String)
discovery 2019-05-23 13:57:43,478 INFO [Test worker] o.s.w.s.m.m.a.RequestMappingHandlerMapping [?:?] - Mapped "{[/config/clear-async],methods=[POST]}" onto public org.springframework.http.ResponseEntity<?> com.nepxion.discovery.plugin.admincenter.endpoint.ConfigEndpoint.clearAsync()
discovery 2019-05-23 13:57:43,479 INFO [Test worker] o.s.w.s.m.m.a.RequestMappingHandlerMapping [?:?] - Mapped "{[/config/clear-sync],methods=[POST]}" onto public org.springframework.http.ResponseEntity<?> com.nepxion.discovery.plugin.admincenter.endpoint.ConfigEndpoint.clearSync()
discovery 2019-05-23 13:57:43,479 INFO [Test worker] o.s.w.s.m.m.a.RequestMappingHandlerMapping [?:?] - Mapped "{[/config/update-async],methods=[POST]}" onto public org.springframework.http.ResponseEntity<?> com.nepxion.discovery.plugin.admincenter.endpoint.ConfigEndpoint.updateAsync(java.lang.String)
discovery 2019-05-23 13:57:43,482 INFO [Test worker] o.s.w.s.m.m.a.RequestMappingHandlerMapping [?:?] - Mapped "{[/version/view],methods=[GET]}" onto public org.springframework.http.ResponseEntity<java.util.List<java.lang.String>> com.nepxion.discovery.plugin.admincenter.endpoint.VersionEndpoint.view()
discovery 2019-05-23 13:57:43,482 INFO [Test worker] o.s.w.s.m.m.a.RequestMappingHandlerMapping [?:?] - Mapped "{[/version/update-sync],methods=[POST]}" onto public org.springframework.http.ResponseEntity<?> com.nepxion.discovery.plugin.admincenter.endpoint.VersionEndpoint.updateSync(java.lang.String)
discovery 2019-05-23 13:57:43,483 INFO [Test worker] o.s.w.s.m.m.a.RequestMappingHandlerMapping [?:?] - Mapped "{[/version/clear-async],methods=[POST]}" onto public org.springframework.http.ResponseEntity<?> com.nepxion.discovery.plugin.admincenter.endpoint.VersionEndpoint.clearAsync(java.lang.String)
discovery 2019-05-23 13:57:43,484 INFO [Test worker] o.s.w.s.m.m.a.RequestMappingHandlerMapping [?:?] - Mapped "{[/version/clear-sync],methods=[POST]}" onto public org.springframework.http.ResponseEntity<?> com.nepxion.discovery.plugin.admincenter.endpoint.VersionEndpoint.clearSync(java.lang.String)
discovery 2019-05-23 13:57:43,484 INFO [Test worker] o.s.w.s.m.m.a.RequestMappingHandlerMapping [?:?] - Mapped "{[/version/update-async],methods=[POST]}" onto public org.springframework.http.ResponseEntity<?> com.nepxion.discovery.plugin.admincenter.endpoint.VersionEndpoint.updateAsync(java.lang.String)
discovery 2019-05-23 13:57:43,488 INFO [Test worker] o.s.w.s.m.m.a.RequestMappingHandlerMapping [?:?] - Mapped "{[/router/route/{routeServiceId}/{routeHost}/{routePort}/{routeContextPath}],methods=[GET]}" onto public java.util.List<com.nepxion.discovery.common.entity.RouterEntity> com.nepxion.discovery.plugin.admincenter.endpoint.RouterEndpoint.route(java.lang.String,java.lang.String,int,java.lang.String)
discovery 2019-05-23 13:57:43,488 INFO [Test worker] o.s.w.s.m.m.a.RequestMappingHandlerMapping [?:?] - Mapped "{[/router/route/{routeServiceId}],methods=[GET]}" onto public java.util.List<com.nepxion.discovery.common.entity.RouterEntity> com.nepxion.discovery.plugin.admincenter.endpoint.RouterEndpoint.route(java.lang.String)
discovery 2019-05-23 13:57:43,489 INFO [Test worker] o.s.w.s.m.m.a.RequestMappingHandlerMapping [?:?] - Mapped "{[/router/routes],methods=[POST]}" onto public com.nepxion.discovery.common.entity.RouterEntity com.nepxion.discovery.plugin.admincenter.endpoint.RouterEndpoint.routes(java.lang.String)
discovery 2019-05-23 13:57:43,490 INFO [Test worker] o.s.w.s.m.m.a.RequestMappingHandlerMapping [?:?] - Mapped "{[/router/instances/{serviceId}],methods=[GET]}" onto public java.util.List<org.springframework.cloud.client.ServiceInstance> com.nepxion.discovery.plugin.admincenter.endpoint.RouterEndpoint.instances(java.lang.String)
discovery 2019-05-23 13:57:43,490 INFO [Test worker] o.s.w.s.m.m.a.RequestMappingHandlerMapping [?:?] - Mapped "{[/router/info],methods=[GET]}" onto public com.nepxion.discovery.common.entity.RouterEntity com.nepxion.discovery.plugin.admincenter.endpoint.RouterEndpoint.info()
discovery 2019-05-23 13:57:43,491 INFO [Test worker] o.s.w.s.m.m.a.RequestMappingHandlerMapping [?:?] - Mapped "{[/router/services],methods=[GET]}" onto public java.util.List<java.lang.String> com.nepxion.discovery.plugin.admincenter.endpoint.RouterEndpoint.services()
discovery 2019-05-23 13:57:43,723 WARN [Test worker] c.n.c.s.URLConfigurationSource [?:?] - No URLs will be polled as dynamic configuration sources.
discovery 2019-05-23 13:57:43,723 INFO [Test worker] c.n.c.s.URLConfigurationSource [?:?] - To enable URLs as dynamic configuration sources, define System property archaius.configurationSource.additionalUrls or make config.properties available on classpath.
discovery 2019-05-23 13:57:43,786 INFO [Test worker] o.s.w.s.h.SimpleUrlHandlerMapping [?:?] - Mapped URL path [/**/favicon.ico] onto handler of type [class org.springframework.web.servlet.resource.ResourceHttpRequestHandler]
discovery 2019-05-23 13:57:43,926 INFO [Test worker] o.s.w.s.m.m.a.RequestMappingHandlerAdapter [?:?] - Looking for @ControllerAdvice: org.springframework.web.context.support.GenericWebApplicationContext@61ebc5e7: startup date [Thu May 23 13:57:41 CST 2019]; parent: org.springframework.context.annotation.AnnotationConfigApplicationContext@b6a64dd
discovery 2019-05-23 13:57:43,973 INFO [Test worker] o.s.w.s.h.SimpleUrlHandlerMapping [?:?] - Mapped URL path [/webjars/**] onto handler of type [class org.springframework.web.servlet.resource.ResourceHttpRequestHandler]
discovery 2019-05-23 13:57:43,973 INFO [Test worker] o.s.w.s.h.SimpleUrlHandlerMapping [?:?] - Mapped URL path [/**] onto handler of type [class org.springframework.web.servlet.resource.ResourceHttpRequestHandler]
discovery 2019-05-23 13:57:44,158 INFO [Test worker] c.n.e.t.ThreadPoolFactory [?:?] - Thread pool executor is created, threadPoolName=EventBus-172.16.35.1-thread, threadParameter=com.nepxion.eventbus.thread.entity.ThreadParameter@21f78517[
  threadPoolCorePoolSize=32
  threadPoolMaximumPoolSize=64
  threadPoolKeepAliveTime=900000
  threadPoolAllowCoreThreadTimeout=false
  threadPoolQueue=LinkedBlockingQueue
  threadPoolQueueCapacity=8192
  threadPoolRejectedPolicy=BlockingPolicyWithReport
]
discovery 2019-05-23 13:57:44,313 INFO [Test worker] s.d.s.w.PropertySourcedRequestMappingHandlerMapping [?:?] - Mapped URL path [/v2/api-docs] onto method [public org.springframework.http.ResponseEntity<springfox.documentation.spring.web.json.Json> springfox.documentation.swagger2.web.Swagger2Controller.getDocumentation(java.lang.String,javax.servlet.http.HttpServletRequest)]
discovery 2019-05-23 13:57:44,331 INFO [Test worker] c.n.d.p.c.i.ConfigInitializer [?:?] - Rule starts to initialize...
discovery 2019-05-23 13:57:44,332 INFO [Test worker] c.n.d.p.c.i.ConfigInitializer [?:?] - Remote config loader isn't provided
discovery 2019-05-23 13:57:44,332 INFO [Test worker] c.n.d.p.c.l.LocalConfigLoader [?:?] - Config local path is classpath:rule.xml
discovery 2019-05-23 13:57:44,333 WARN [Test worker] c.n.d.p.c.l.LocalConfigLoader [?:?] - File [classpath:rule.xml] isn't found or invalid, ignore to load...
discovery 2019-05-23 13:57:44,333 INFO [Test worker] c.n.d.p.c.i.ConfigInitializer [?:?] - Local config isn't retrieved
discovery 2019-05-23 13:57:44,333 INFO [Test worker] c.n.d.p.c.i.ConfigInitializer [?:?] - No config is retrieved
discovery 2019-05-23 13:57:45,037 WARN [Test worker] o.s.b.a.a.w.s.ManagementContextAutoConfiguration [?:?] - Could not start embedded management container on different port (management endpoints are still available through JMX)
discovery 2019-05-23 13:57:45,040 INFO [Test worker] o.s.c.s.DefaultLifecycleProcessor [?:?] - Starting beans in phase 0
discovery 2019-05-23 13:57:45,050 INFO [Test worker] o.s.c.s.DefaultLifecycleProcessor [?:?] - Starting beans in phase 2147483647
discovery 2019-05-23 13:57:45,050 INFO [Test worker] s.d.s.w.p.DocumentationPluginsBootstrapper [?:?] - Context refreshed
discovery 2019-05-23 13:57:45,060 INFO [Test worker] s.d.s.w.p.DocumentationPluginsBootstrapper [?:?] - Found 1 custom documentation plugin(s)
discovery 2019-05-23 13:57:45,088 INFO [Test worker] s.d.s.w.s.ApiListingReferenceScanner [?:?] - Scanning for api listing references
discovery 2019-05-23 13:57:45,239 INFO [Test worker] s.d.s.w.r.o.CachingOperationNameGenerator [?:?] - Generating unique operation named: routeUsingGET_1
discovery 2019-05-23 13:57:45,253 INFO [Test worker] s.d.s.w.r.o.CachingOperationNameGenerator [?:?] - Generating unique operation named: clearAsyncUsingPOST_1
discovery 2019-05-23 13:57:45,257 INFO [Test worker] s.d.s.w.r.o.CachingOperationNameGenerator [?:?] - Generating unique operation named: clearSyncUsingPOST_1
discovery 2019-05-23 13:57:45,261 INFO [Test worker] s.d.s.w.r.o.CachingOperationNameGenerator [?:?] - Generating unique operation named: updateAsyncUsingPOST_1
discovery 2019-05-23 13:57:45,265 INFO [Test worker] s.d.s.w.r.o.CachingOperationNameGenerator [?:?] - Generating unique operation named: updateSyncUsingPOST_1
discovery 2019-05-23 13:57:45,268 INFO [Test worker] s.d.s.w.r.o.CachingOperationNameGenerator [?:?] - Generating unique operation named: viewUsingGET_1
discovery 2019-05-23 13:57:45,289 INFO [Test worker] c.h.c.ConsoleApplicationTests [?:?] - Started ConsoleApplicationTests in 4.375 seconds (JVM running for 5.417)
discovery 2019-05-23 13:57:45,521 INFO [Thread-13] o.s.w.c.s.GenericWebApplicationContext [?:?] - Closing org.springframework.web.context.support.GenericWebApplicationContext@61ebc5e7: startup date [Thu May 23 13:57:41 CST 2019]; parent: org.springframework.context.annotation.AnnotationConfigApplicationContext@b6a64dd
discovery 2019-05-23 13:57:45,530 INFO [Thread-13] o.s.c.n.e.InstanceInfoFactory [?:?] - Setting initial instance status as: STARTING
discovery 2019-05-23 13:57:45,532 INFO [Thread-13] o.s.c.n.e.s.EurekaServiceRegistry [?:?] - Unregistering application CONSOLE with eureka with status DOWN
discovery 2019-05-23 13:57:45,533 INFO [Thread-13] c.n.e.t.ThreadPoolFactory [?:?] - Shutting down thread pool executor [java.util.concurrent.ThreadPoolExecutor@2bd3169a[Running, pool size = 0, active threads = 0, queued tasks = 0, completed tasks = 0]]...
discovery 2019-05-23 13:57:45,535 INFO [Thread-13] o.s.c.s.DefaultLifecycleProcessor [?:?] - Stopping beans in phase 2147483647
discovery 2019-05-23 13:57:45,536 INFO [Thread-13] o.s.c.s.DefaultLifecycleProcessor [?:?] - Stopping beans in phase 0
